app/build/intermediates/manifest_merge_blame_file/debug/manifest-merger-blame-debug-report.txt
1<?xml version="1.0" encoding="utf-8"?>
2<manifest xmlns:android="http://schemas.android.com/apk/res/android"
3    package="com.example.pcplanner"
4    android:versionCode="1"
5    android:versionName="1.0" >
6
7    <uses-sdk
8        android:minSdkVersion="24"
8-->src/main/AndroidManifest.xml
9        android:targetSdkVersion="33" />
9-->src/main/AndroidManifest.xml
10
11    <uses-permission android:name="android.permission.INTERNET" />
11-->src/main/AndroidManifest.xml:5:5-67
11-->src/main/AndroidManifest.xml:5:22-64
12    <uses-permission android:name="android.permission.ACCESS_NETWORK_STATE" />
12-->src/main/AndroidManifest.xml:6:5-79
12-->src/main/AndroidManifest.xml:6:22-76
13    <uses-permission android:name="android.permission.WAKE_LOCK" /> <!-- Required by older versions of Google Play services to create IID tokens -->
13-->[com.google.firebase:firebase-iid:19.0.0] AndroidManifest.xml:24:5-68
13-->[com.google.firebase:firebase-iid:19.0.0] AndroidManifest.xml:24:22-65
14    <uses-permission android:name="com.google.android.c2dm.permission.RECEIVE" />
14-->[com.google.firebase:firebase-iid:19.0.0] AndroidManifest.xml:26:5-82
14-->[com.google.firebase:firebase-iid:19.0.0] AndroidManifest.xml:26:22-79
15    <uses-permission android:name="com.google.android.gms.permission.AD_ID" />
15-->[com.google.android.gms:play-services-measurement-api:21.1.1] AndroidManifest.xml:25:5-79
15-->[com.google.android.gms:play-services-measurement-api:21.1.1] AndroidManifest.xml:25:22-76
16    <uses-permission android:name="com.google.android.finsky.permission.BIND_GET_INSTALL_REFERRER_SERVICE" />
16-->[com.google.android.gms:play-services-measurement:21.1.1] AndroidManifest.xml:26:5-110
16-->[com.google.android.gms:play-services-measurement:21.1.1] AndroidManifest.xml:26:22-107
17
18    <permission
18-->[androidx.core:core:1.9.0] AndroidManifest.xml:22:5-24:47
19        android:name="com.example.pcplanner.DYNAMIC_RECEIVER_NOT_EXPORTED_PERMISSION"
19-->[androidx.core:core:1.9.0] AndroidManifest.xml:23:9-81
20        android:protectionLevel="signature" />
20-->[androidx.core:core:1.9.0] AndroidManifest.xml:24:9-44
21
22    <uses-permission android:name="com.example.pcplanner.DYNAMIC_RECEIVER_NOT_EXPORTED_PERMISSION" />
22-->[androidx.core:core:1.9.0] AndroidManifest.xml:26:5-97
22-->[androidx.core:core:1.9.0] AndroidManifest.xml:26:22-94
23
24    <application
24-->src/main/AndroidManifest.xml:8:5-355:19
25        android:allowBackup="true"
25-->src/main/AndroidManifest.xml:9:9-35
26        android:appComponentFactory="androidx.core.app.CoreComponentFactory"
26-->[androidx.core:core:1.9.0] AndroidManifest.xml:28:18-86
27        android:dataExtractionRules="@xml/data_extraction_rules"
27-->src/main/AndroidManifest.xml:10:9-65
28        android:debuggable="true"
29        android:extractNativeLibs="false"
30        android:fullBackupContent="@xml/backup_rules"
30-->src/main/AndroidManifest.xml:11:9-54
31        android:icon="@mipmap/ic_launcher"
31-->src/main/AndroidManifest.xml:12:9-43
32        android:label="@string/app_name"
32-->src/main/AndroidManifest.xml:13:9-41
33        android:roundIcon="@mipmap/ic_launcher_round"
33-->src/main/AndroidManifest.xml:14:9-54
34        android:supportsRtl="true"
34-->src/main/AndroidManifest.xml:15:9-35
35        android:testOnly="true"
36        android:theme="@style/Theme.AppCompat.Light.NoActionBar" >
36-->src/main/AndroidManifest.xml:16:9-65
37        <activity
37-->src/main/AndroidManifest.xml:18:9-25:20
38            android:name="com.example.pcplanner.MainMenu.Register"
38-->src/main/AndroidManifest.xml:19:13-46
39            android:exported="false"
39-->src/main/AndroidManifest.xml:21:13-37
40            android:theme="@style/Theme.AppCompat.Light.NoActionBar" >
40-->src/main/AndroidManifest.xml:20:13-69
41            <meta-data
41-->src/main/AndroidManifest.xml:22:13-24:36
42                android:name="android.app.lib_name"
42-->src/main/AndroidManifest.xml:23:17-52
43                android:value="" />
43-->src/main/AndroidManifest.xml:24:17-33
44        </activity>
45        <activity
45-->src/main/AndroidManifest.xml:26:9-33:20
46            android:name="com.example.pcplanner.MainMenu.Login"
46-->src/main/AndroidManifest.xml:27:13-43
47            android:exported="false"
47-->src/main/AndroidManifest.xml:29:13-37
48            android:theme="@style/Theme.AppCompat.Light.NoActionBar" >
48-->src/main/AndroidManifest.xml:28:13-69
49            <meta-data
49-->src/main/AndroidManifest.xml:22:13-24:36
50                android:name="android.app.lib_name"
50-->src/main/AndroidManifest.xml:23:17-52
51                android:value="" />
51-->src/main/AndroidManifest.xml:24:17-33
52        </activity>
53        <activity
53-->src/main/AndroidManifest.xml:35:9-48:20
54            android:name="com.example.pcplanner.MainMenu.SplashActivity"
54-->src/main/AndroidManifest.xml:36:13-52
55            android:exported="true"
55-->src/main/AndroidManifest.xml:38:13-36
56            android:theme="@style/Theme.AppCompat.Light.NoActionBar" >
56-->src/main/AndroidManifest.xml:37:13-69
57            <intent-filter>
57-->src/main/AndroidManifest.xml:39:13-43:29
58                <action android:name="android.intent.action.MAIN" />
58-->src/main/AndroidManifest.xml:40:17-69
58-->src/main/AndroidManifest.xml:40:25-66
59
60                <category android:name="android.intent.category.LAUNCHER" />
60-->src/main/AndroidManifest.xml:42:17-77
60-->src/main/AndroidManifest.xml:42:27-74
61            </intent-filter>
62
63            <meta-data
63-->src/main/AndroidManifest.xml:22:13-24:36
64                android:name="android.app.lib_name"
64-->src/main/AndroidManifest.xml:23:17-52
65                android:value="" />
65-->src/main/AndroidManifest.xml:24:17-33
66        </activity>
67        <activity
67-->src/main/AndroidManifest.xml:49:9-62:20
68            android:name="com.example.pcplanner.MainMenu.MainActivity"
68-->src/main/AndroidManifest.xml:50:13-50
69            android:exported="true" >
69-->src/main/AndroidManifest.xml:51:13-36
70            <intent-filter>
70-->src/main/AndroidManifest.xml:53:13-57:29
71                <action android:name="android.intent.action.MAIN" />
71-->src/main/AndroidManifest.xml:40:17-69
71-->src/main/AndroidManifest.xml:40:25-66
72
73                <category android:name="android.intent.category" />
73-->src/main/AndroidManifest.xml:56:17-68
73-->src/main/AndroidManifest.xml:56:27-65
74            </intent-filter>
75
76            <meta-data
76-->src/main/AndroidManifest.xml:22:13-24:36
77                android:name="android.app.lib_name"
77-->src/main/AndroidManifest.xml:23:17-52
78                android:value="" />
78-->src/main/AndroidManifest.xml:24:17-33
79        </activity>
80        <activity
80-->src/main/AndroidManifest.xml:63:9-71:20
81            android:name="com.example.pcplanner.MainMenu.ComparisonActivity"
81-->src/main/AndroidManifest.xml:64:13-56
82            android:exported="true" >
82-->src/main/AndroidManifest.xml:65:13-36
83            <intent-filter>
83-->src/main/AndroidManifest.xml:66:13-70:29
84                <action android:name="com.example.pcplanner.COMPARISON_ACTIVITY" />
84-->src/main/AndroidManifest.xml:67:17-84
84-->src/main/AndroidManifest.xml:67:25-81
85
86                <category android:name="android.intent.category.DEFAULT" />
86-->src/main/AndroidManifest.xml:69:17-76
86-->src/main/AndroidManifest.xml:69:27-73
87            </intent-filter>
88        </activity>
89        <activity
89-->src/main/AndroidManifest.xml:72:9-80:20
90            android:name="com.example.pcplanner.MainMenu.ConfigurationActivity"
90-->src/main/AndroidManifest.xml:73:13-59
91            android:exported="true" >
91-->src/main/AndroidManifest.xml:74:13-36
92            <intent-filter>
92-->src/main/AndroidManifest.xml:75:13-79:29
93                <action android:name="com.example.pcplanner.CONFIGURATION_ACTIVITY" />
93-->src/main/AndroidManifest.xml:76:17-87
93-->src/main/AndroidManifest.xml:76:25-84
94
95                <category android:name="android.intent.category.DEFAULT" />
95-->src/main/AndroidManifest.xml:69:17-76
95-->src/main/AndroidManifest.xml:69:27-73
96            </intent-filter>
97        </activity>
98        <activity
98-->src/main/AndroidManifest.xml:81:9-89:20
99            android:name="com.example.pcplanner.CoolerActivity"
99-->src/main/AndroidManifest.xml:82:13-43
100            android:exported="true" >
100-->src/main/AndroidManifest.xml:83:13-36
101            <intent-filter>
101-->src/main/AndroidManifest.xml:75:13-79:29
102                <action android:name="com.example.pcplanner.CONFIGURATION_ACTIVITY" />
102-->src/main/AndroidManifest.xml:76:17-87
102-->src/main/AndroidManifest.xml:76:25-84
103
104                <category android:name="android.intent.category.DEFAULT" />
104-->src/main/AndroidManifest.xml:69:17-76
104-->src/main/AndroidManifest.xml:69:27-73
105            </intent-filter>
106        </activity>
107        <activity
107-->src/main/AndroidManifest.xml:90:9-98:20
108            android:name="com.example.pcplanner.StorageActivity"
108-->src/main/AndroidManifest.xml:91:13-44
109            android:exported="true" >
109-->src/main/AndroidManifest.xml:92:13-36
110            <intent-filter>
110-->src/main/AndroidManifest.xml:75:13-79:29
111                <action android:name="com.example.pcplanner.CONFIGURATION_ACTIVITY" />
111-->src/main/AndroidManifest.xml:76:17-87
111-->src/main/AndroidManifest.xml:76:25-84
112
113                <category android:name="android.intent.category.DEFAULT" />
113-->src/main/AndroidManifest.xml:69:17-76
113-->src/main/AndroidManifest.xml:69:27-73
114            </intent-filter>
115        </activity>
116        <activity
116-->src/main/AndroidManifest.xml:99:9-107:20
117            android:name="com.example.pcplanner.PsuActivity"
117-->src/main/AndroidManifest.xml:100:13-40
118            android:exported="true" >
118-->src/main/AndroidManifest.xml:101:13-36
119            <intent-filter>
119-->src/main/AndroidManifest.xml:75:13-79:29
120                <action android:name="com.example.pcplanner.CONFIGURATION_ACTIVITY" />
120-->src/main/AndroidManifest.xml:76:17-87
120-->src/main/AndroidManifest.xml:76:25-84
121
122                <category android:name="android.intent.category.DEFAULT" />
122-->src/main/AndroidManifest.xml:69:17-76
122-->src/main/AndroidManifest.xml:69:27-73
123            </intent-filter>
124        </activity>
125        <activity
125-->src/main/AndroidManifest.xml:108:9-116:20
126            android:name="com.example.pcplanner.MotherboardActivity"
126-->src/main/AndroidManifest.xml:109:13-48
127            android:exported="true" >
127-->src/main/AndroidManifest.xml:110:13-36
128            <intent-filter>
128-->src/main/AndroidManifest.xml:75:13-79:29
129                <action android:name="com.example.pcplanner.CONFIGURATION_ACTIVITY" />
129-->src/main/AndroidManifest.xml:76:17-87
129-->src/main/AndroidManifest.xml:76:25-84
130
131                <category android:name="android.intent.category.DEFAULT" />
131-->src/main/AndroidManifest.xml:69:17-76
131-->src/main/AndroidManifest.xml:69:27-73
132            </intent-filter>
133        </activity>
134        <activity
134-->src/main/AndroidManifest.xml:117:9-125:20
135            android:name="com.example.pcplanner.RamActivity"
135-->src/main/AndroidManifest.xml:118:13-40
136            android:exported="true" >
136-->src/main/AndroidManifest.xml:119:13-36
137            <intent-filter>
137-->src/main/AndroidManifest.xml:75:13-79:29
138                <action android:name="com.example.pcplanner.CONFIGURATION_ACTIVITY" />
138-->src/main/AndroidManifest.xml:76:17-87
138-->src/main/AndroidManifest.xml:76:25-84
139
140                <category android:name="android.intent.category.DEFAULT" />
140-->src/main/AndroidManifest.xml:69:17-76
140-->src/main/AndroidManifest.xml:69:27-73
141            </intent-filter>
142        </activity>
143        <activity
143-->src/main/AndroidManifest.xml:126:9-134:20
144            android:name="com.example.pcplanner.CpuActivity.CpuActivity"
144-->src/main/AndroidManifest.xml:127:13-52
145            android:exported="true" >
145-->src/main/AndroidManifest.xml:128:13-36
146            <intent-filter>
146-->src/main/AndroidManifest.xml:75:13-79:29
147                <action android:name="com.example.pcplanner.CONFIGURATION_ACTIVITY" />
147-->src/main/AndroidManifest.xml:76:17-87
147-->src/main/AndroidManifest.xml:76:25-84
148
149                <category android:name="android.intent.category.DEFAULT" />
149-->src/main/AndroidManifest.xml:69:17-76
149-->src/main/AndroidManifest.xml:69:27-73
150            </intent-filter>
151        </activity>
152        <activity
152-->src/main/AndroidManifest.xml:135:9-143:20
153            android:name="com.example.pcplanner.GpuActivity.GpuActivity"
153-->src/main/AndroidManifest.xml:136:13-52
154            android:exported="true" >
154-->src/main/AndroidManifest.xml:137:13-36
155            <intent-filter>
155-->src/main/AndroidManifest.xml:75:13-79:29
156                <action android:name="com.example.pcplanner.CONFIGURATION_ACTIVITY" />
156-->src/main/AndroidManifest.xml:76:17-87
156-->src/main/AndroidManifest.xml:76:25-84
157
158                <category android:name="android.intent.category.DEFAULT" />
158-->src/main/AndroidManifest.xml:69:17-76
158-->src/main/AndroidManifest.xml:69:27-73
159            </intent-filter>
160        </activity>
161        <activity
161-->src/main/AndroidManifest.xml:144:9-152:20
162            android:name="com.example.pcplanner.CpuActivity.IntelActivity"
162-->src/main/AndroidManifest.xml:145:13-54
163            android:exported="true" >
163-->src/main/AndroidManifest.xml:146:13-36
164            <intent-filter>
164-->src/main/AndroidManifest.xml:75:13-79:29
165                <action android:name="com.example.pcplanner.CONFIGURATION_ACTIVITY" />
165-->src/main/AndroidManifest.xml:76:17-87
165-->src/main/AndroidManifest.xml:76:25-84
166
167                <category android:name="android.intent.category.DEFAULT" />
167-->src/main/AndroidManifest.xml:69:17-76
167-->src/main/AndroidManifest.xml:69:27-73
168            </intent-filter>
169        </activity>
170        <activity
170-->src/main/AndroidManifest.xml:153:9-161:20
171            android:name="com.example.pcplanner.CpuActivity.AmdActivity"
171-->src/main/AndroidManifest.xml:154:13-52
172            android:exported="true" >
172-->src/main/AndroidManifest.xml:155:13-36
173            <intent-filter>
173-->src/main/AndroidManifest.xml:75:13-79:29
174                <action android:name="com.example.pcplanner.CONFIGURATION_ACTIVITY" />
174-->src/main/AndroidManifest.xml:76:17-87
174-->src/main/AndroidManifest.xml:76:25-84
175
176                <category android:name="android.intent.category.DEFAULT" />
176-->src/main/AndroidManifest.xml:69:17-76
176-->src/main/AndroidManifest.xml:69:27-73
177            </intent-filter>
178        </activity>
179        <activity
179-->src/main/AndroidManifest.xml:162:9-170:20
180            android:name="com.example.pcplanner.GpuActivity.AmdRadeonActivity"
180-->src/main/AndroidManifest.xml:163:13-58
181            android:exported="true" >
181-->src/main/AndroidManifest.xml:164:13-36
182            <intent-filter>
182-->src/main/AndroidManifest.xml:75:13-79:29
183                <action android:name="com.example.pcplanner.CONFIGURATION_ACTIVITY" />
183-->src/main/AndroidManifest.xml:76:17-87
183-->src/main/AndroidManifest.xml:76:25-84
184
185                <category android:name="android.intent.category.DEFAULT" />
185-->src/main/AndroidManifest.xml:69:17-76
185-->src/main/AndroidManifest.xml:69:27-73
186            </intent-filter>
187        </activity>
188        <activity
188-->src/main/AndroidManifest.xml:171:9-179:20
189            android:name="com.example.pcplanner.GpuActivity.IntelArcActivity"
189-->src/main/AndroidManifest.xml:172:13-57
190            android:exported="true" >
190-->src/main/AndroidManifest.xml:173:13-36
191            <intent-filter>
191-->src/main/AndroidManifest.xml:75:13-79:29
192                <action android:name="com.example.pcplanner.CONFIGURATION_ACTIVITY" />
192-->src/main/AndroidManifest.xml:76:17-87
192-->src/main/AndroidManifest.xml:76:25-84
193
194                <category android:name="android.intent.category.DEFAULT" />
194-->src/main/AndroidManifest.xml:69:17-76
194-->src/main/AndroidManifest.xml:69:27-73
195            </intent-filter>
196        </activity>
197        <activity
197-->src/main/AndroidManifest.xml:180:9-188:20
198            android:name="com.example.pcplanner.GpuActivity.NvidiaActivity"
198-->src/main/AndroidManifest.xml:181:13-55
199            android:exported="true" >
199-->src/main/AndroidManifest.xml:182:13-36
200            <intent-filter>
200-->src/main/AndroidManifest.xml:75:13-79:29
201                <action android:name="com.example.pcplanner.CONFIGURATION_ACTIVITY" />
201-->src/main/AndroidManifest.xml:76:17-87
201-->src/main/AndroidManifest.xml:76:25-84
202
203                <category android:name="android.intent.category.DEFAULT" />
203-->src/main/AndroidManifest.xml:69:17-76
203-->src/main/AndroidManifest.xml:69:27-73
204            </intent-filter>
205        </activity>
206        <activity
206-->src/main/AndroidManifest.xml:189:9-200:20
207            android:name="com.example.pcplanner.MainMenu.Admin.AdminActivity"
207-->src/main/AndroidManifest.xml:190:13-57
208            android:exported="true"
208-->src/main/AndroidManifest.xml:191:13-36
209            android:screenOrientation="portrait"
209-->src/main/AndroidManifest.xml:193:13-49
210            android:theme="@style/Theme.AppCompat.Light.NoActionBar" >
210-->src/main/AndroidManifest.xml:192:13-69
211            <intent-filter>
211-->src/main/AndroidManifest.xml:75:13-79:29
212                <action android:name="com.example.pcplanner.CONFIGURATION_ACTIVITY" />
212-->src/main/AndroidManifest.xml:76:17-87
212-->src/main/AndroidManifest.xml:76:25-84
213
214                <category android:name="android.intent.category.DEFAULT" />
214-->src/main/AndroidManifest.xml:69:17-76
214-->src/main/AndroidManifest.xml:69:27-73
215            </intent-filter>
216        </activity>
217        <activity
217-->src/main/AndroidManifest.xml:201:9-211:20
218            android:name="com.example.pcplanner.MainMenu.Splash2Activity"
218-->src/main/AndroidManifest.xml:202:13-53
219            android:exported="true"
219-->src/main/AndroidManifest.xml:203:13-36
220            android:theme="@style/Theme.AppCompat.Light.NoActionBar" >
220-->src/main/AndroidManifest.xml:204:13-69
221            <intent-filter>
221-->src/main/AndroidManifest.xml:75:13-79:29
222                <action android:name="com.example.pcplanner.CONFIGURATION_ACTIVITY" />
222-->src/main/AndroidManifest.xml:76:17-87
222-->src/main/AndroidManifest.xml:76:25-84
223
224                <category android:name="android.intent.category.DEFAULT" />
224-->src/main/AndroidManifest.xml:69:17-76
224-->src/main/AndroidManifest.xml:69:27-73
225            </intent-filter>
226        </activity>
227        <activity
227-->src/main/AndroidManifest.xml:212:9-222:20
228            android:name="com.example.pcplanner.MainMenu.SplashAdmin"
228-->src/main/AndroidManifest.xml:213:13-49
229            android:exported="true"
229-->src/main/AndroidManifest.xml:214:13-36
230            android:theme="@style/Theme.AppCompat.Light.NoActionBar" >
230-->src/main/AndroidManifest.xml:215:13-69
231            <intent-filter>
231-->src/main/AndroidManifest.xml:75:13-79:29
232                <action android:name="com.example.pcplanner.CONFIGURATION_ACTIVITY" />
232-->src/main/AndroidManifest.xml:76:17-87
232-->src/main/AndroidManifest.xml:76:25-84
233
234                <category android:name="android.intent.category.DEFAULT" />
234-->src/main/AndroidManifest.xml:69:17-76
234-->src/main/AndroidManifest.xml:69:27-73
235            </intent-filter>
236        </activity>
237        <activity
237-->src/main/AndroidManifest.xml:223:9-233:20
238            android:name="com.example.pcplanner.MainMenu.DescriptionActivity"
238-->src/main/AndroidManifest.xml:224:13-57
239            android:exported="true"
239-->src/main/AndroidManifest.xml:225:13-36
240            android:theme="@style/Theme.AppCompat.Light.NoActionBar" >
240-->src/main/AndroidManifest.xml:226:13-69
241            <intent-filter>
241-->src/main/AndroidManifest.xml:75:13-79:29
242                <action android:name="com.example.pcplanner.CONFIGURATION_ACTIVITY" />
242-->src/main/AndroidManifest.xml:76:17-87
242-->src/main/AndroidManifest.xml:76:25-84
243
244                <category android:name="android.intent.category.DEFAULT" />
244-->src/main/AndroidManifest.xml:69:17-76
244-->src/main/AndroidManifest.xml:69:27-73
245            </intent-filter>
246        </activity>
247        <activity
247-->src/main/AndroidManifest.xml:234:9-245:20
248            android:name="com.example.pcplanner.MainMenu.Admin.ModifyActivity"
248-->src/main/AndroidManifest.xml:235:13-58
249            android:exported="true"
249-->src/main/AndroidManifest.xml:236:13-36
250            android:screenOrientation="portrait"
250-->src/main/AndroidManifest.xml:238:13-49
251            android:theme="@style/Theme.AppCompat.Light.NoActionBar" >
251-->src/main/AndroidManifest.xml:237:13-69
252            <intent-filter>
252-->src/main/AndroidManifest.xml:75:13-79:29
253                <action android:name="com.example.pcplanner.CONFIGURATION_ACTIVITY" />
253-->src/main/AndroidManifest.xml:76:17-87
253-->src/main/AndroidManifest.xml:76:25-84
254
255                <category android:name="android.intent.category.DEFAULT" />
255-->src/main/AndroidManifest.xml:69:17-76
255-->src/main/AndroidManifest.xml:69:27-73
256            </intent-filter>
257        </activity>
258        <activity
258-->src/main/AndroidManifest.xml:246:9-257:20
259            android:name="com.example.pcplanner.MainMenu.Admin.AddActivity"
259-->src/main/AndroidManifest.xml:247:13-55
260            android:exported="true"
260-->src/main/AndroidManifest.xml:248:13-36
261            android:screenOrientation="portrait"
261-->src/main/AndroidManifest.xml:250:13-49
262            android:theme="@style/Theme.AppCompat.Light.NoActionBar" >
262-->src/main/AndroidManifest.xml:249:13-69
263            <intent-filter>
263-->src/main/AndroidManifest.xml:75:13-79:29
264                <action android:name="com.example.pcplanner.CONFIGURATION_ACTIVITY" />
264-->src/main/AndroidManifest.xml:76:17-87
264-->src/main/AndroidManifest.xml:76:25-84
265
266                <category android:name="android.intent.category.DEFAULT" />
266-->src/main/AndroidManifest.xml:69:17-76
266-->src/main/AndroidManifest.xml:69:27-73
267            </intent-filter>
268        </activity>
269        <activity
269-->src/main/AndroidManifest.xml:258:9-269:20
270            android:name="com.example.pcplanner.MainMenu.Admin.IntelAdmin"
270-->src/main/AndroidManifest.xml:259:13-54
271            android:exported="true"
271-->src/main/AndroidManifest.xml:260:13-36
272            android:screenOrientation="portrait"
272-->src/main/AndroidManifest.xml:262:13-49
273            android:theme="@style/Theme.AppCompat.Light.NoActionBar" >
273-->src/main/AndroidManifest.xml:261:13-69
274            <intent-filter>
274-->src/main/AndroidManifest.xml:75:13-79:29
275                <action android:name="com.example.pcplanner.CONFIGURATION_ACTIVITY" />
275-->src/main/AndroidManifest.xml:76:17-87
275-->src/main/AndroidManifest.xml:76:25-84
276
277                <category android:name="android.intent.category.DEFAULT" />
277-->src/main/AndroidManifest.xml:69:17-76
277-->src/main/AndroidManifest.xml:69:27-73
278            </intent-filter>
279        </activity>
280        <activity
280-->src/main/AndroidManifest.xml:270:9-282:20
281            android:name="com.example.pcplanner.MainMenu.Admin.AmdAdmin"
281-->src/main/AndroidManifest.xml:271:13-52
282            android:exported="true"
282-->src/main/AndroidManifest.xml:272:13-36
283            android:screenOrientation="portrait"
283-->src/main/AndroidManifest.xml:274:13-49
284            android:theme="@style/Theme.AppCompat.Light.NoActionBar" >
284-->src/main/AndroidManifest.xml:273:13-69
285            <intent-filter>
285-->src/main/AndroidManifest.xml:75:13-79:29
286                <action android:name="com.example.pcplanner.CONFIGURATION_ACTIVITY" />
286-->src/main/AndroidManifest.xml:76:17-87
286-->src/main/AndroidManifest.xml:76:25-84
287
288                <category android:name="android.intent.category.DEFAULT" />
288-->src/main/AndroidManifest.xml:69:17-76
288-->src/main/AndroidManifest.xml:69:27-73
289            </intent-filter>
290        </activity>
291        <activity
291-->src/main/AndroidManifest.xml:283:9-295:20
292            android:name="com.example.pcplanner.MainMenu.Admin.CpuAdmin"
292-->src/main/AndroidManifest.xml:284:13-52
293            android:exported="true"
293-->src/main/AndroidManifest.xml:285:13-36
294            android:screenOrientation="portrait"
294-->src/main/AndroidManifest.xml:287:13-49
295            android:theme="@style/Theme.AppCompat.Light.NoActionBar" >
295-->src/main/AndroidManifest.xml:286:13-69
296            <intent-filter>
296-->src/main/AndroidManifest.xml:75:13-79:29
297                <action android:name="com.example.pcplanner.CONFIGURATION_ACTIVITY" />
297-->src/main/AndroidManifest.xml:76:17-87
297-->src/main/AndroidManifest.xml:76:25-84
298
299                <category android:name="android.intent.category.DEFAULT" />
299-->src/main/AndroidManifest.xml:69:17-76
299-->src/main/AndroidManifest.xml:69:27-73
300            </intent-filter>
301        </activity>
302        <activity
302-->src/main/AndroidManifest.xml:296:9-308:20
303            android:name="com.example.pcplanner.MainMenu.Admin.Cpu2Admin"
303-->src/main/AndroidManifest.xml:297:13-53
304            android:exported="true"
304-->src/main/AndroidManifest.xml:298:13-36
305            android:screenOrientation="portrait"
305-->src/main/AndroidManifest.xml:300:13-49
306            android:theme="@style/Theme.AppCompat.Light.NoActionBar" >
306-->src/main/AndroidManifest.xml:299:13-69
307            <intent-filter>
307-->src/main/AndroidManifest.xml:75:13-79:29
308                <action android:name="com.example.pcplanner.CONFIGURATION_ACTIVITY" />
308-->src/main/AndroidManifest.xml:76:17-87
308-->src/main/AndroidManifest.xml:76:25-84
309
310                <category android:name="android.intent.category.DEFAULT" />
310-->src/main/AndroidManifest.xml:69:17-76
310-->src/main/AndroidManifest.xml:69:27-73
311            </intent-filter>
312        </activity>
313        <activity
313-->src/main/AndroidManifest.xml:309:9-321:20
314            android:name="com.example.pcplanner.MainMenu.Admin.Intel2Admin"
314-->src/main/AndroidManifest.xml:310:13-55
315            android:exported="true"
315-->src/main/AndroidManifest.xml:311:13-36
316            android:screenOrientation="portrait"
316-->src/main/AndroidManifest.xml:313:13-49
317            android:theme="@style/Theme.AppCompat.Light.NoActionBar" >
317-->src/main/AndroidManifest.xml:312:13-69
318            <intent-filter>
318-->src/main/AndroidManifest.xml:75:13-79:29
319                <action android:name="com.example.pcplanner.CONFIGURATION_ACTIVITY" />
319-->src/main/AndroidManifest.xml:76:17-87
319-->src/main/AndroidManifest.xml:76:25-84
320
321                <category android:name="android.intent.category.DEFAULT" />
321-->src/main/AndroidManifest.xml:69:17-76
321-->src/main/AndroidManifest.xml:69:27-73
322            </intent-filter>
323        </activity>
324        <activity
324-->src/main/AndroidManifest.xml:322:9-334:20
325            android:name="com.example.pcplanner.MainMenu.Admin.Amd2Admin"
325-->src/main/AndroidManifest.xml:323:13-53
326            android:exported="true"
326-->src/main/AndroidManifest.xml:324:13-36
327            android:screenOrientation="portrait"
327-->src/main/AndroidManifest.xml:326:13-49
328            android:theme="@style/Theme.AppCompat.Light.NoActionBar" >
328-->src/main/AndroidManifest.xml:325:13-69
329            <intent-filter>
329-->src/main/AndroidManifest.xml:75:13-79:29
330                <action android:name="com.example.pcplanner.CONFIGURATION_ACTIVITY" />
330-->src/main/AndroidManifest.xml:76:17-87
330-->src/main/AndroidManifest.xml:76:25-84
331
332                <category android:name="android.intent.category.DEFAULT" />
332-->src/main/AndroidManifest.xml:69:17-76
332-->src/main/AndroidManifest.xml:69:27-73
333            </intent-filter>
334        </activity>
335        <activity
335-->src/main/AndroidManifest.xml:335:9-347:20
336            android:name="com.example.pcplanner.MainMenu.MoreDescriptionActivity"
336-->src/main/AndroidManifest.xml:336:13-61
337            android:exported="true"
337-->src/main/AndroidManifest.xml:337:13-36
338            android:screenOrientation="portrait"
338-->src/main/AndroidManifest.xml:339:13-49
339            android:theme="@style/Theme.AppCompat.Light.NoActionBar" >
339-->src/main/AndroidManifest.xml:338:13-69
340            <intent-filter>
340-->src/main/AndroidManifest.xml:75:13-79:29
341                <action android:name="com.example.pcplanner.CONFIGURATION_ACTIVITY" />
341-->src/main/AndroidManifest.xml:76:17-87
341-->src/main/AndroidManifest.xml:76:25-84
342
343                <category android:name="android.intent.category.DEFAULT" />
343-->src/main/AndroidManifest.xml:69:17-76
343-->src/main/AndroidManifest.xml:69:27-73
344            </intent-filter>
345        </activity>
346
347        <service
347-->[com.google.firebase:firebase-firestore:24.5.0] AndroidManifest.xml:16:9-22:19
348            android:name="com.google.firebase.components.ComponentDiscoveryService"
348-->[com.google.firebase:firebase-firestore:24.5.0] AndroidManifest.xml:17:13-84